
🕒 Running Shopify Sync at 2025-03-08T04:51:04.494Z
🛍️ Inserting 1750 products...
✅ Successfully Inserted 1750 products.
🎉 Sync Complete!

🕒 Running Shopify Sync at 2025-03-23T18:09:11.458Z
🛍️ Inserting 1752 products...
❌ Supabase Insert Error: {
  "code": "42501",
  "details": null,
  "hint": null,
  "message": "new row violates row-level security policy for table \"products\""
}
🎉 Sync Complete!

🕒 Running Shopify Sync at 2025-03-23T18:14:18.604Z
🛍️ Inserting 1752 products...
✅ Successfully Inserted 1752 products.
🎉 Sync Complete!

🕒 Running Shopify Sync at 2025-03-23T18:18:58.994Z
🛍️ Inserting 1752 products...
✅ Successfully Inserted 1752 products.
🎉 Sync Complete!

🕒 Running Shopify Sync at 2025-03-23T18:21:45.485Z
🛍️ Inserting 1752 products...
✅ Successfully Inserted 1752 products.
🎉 Sync Complete!

🕒 Running Shopify Sync at 2025-03-23T23:27:25.385Z
🛍️ Inserting 1752 products...
✅ Successfully Inserted 1752 products.
🎉 Sync Complete!

🕒 Running Shopify Sync at 2025-03-23T23:35:36.795Z
🛍️ Inserting 1752 products...
✅ Successfully Inserted 1752 products.
🎉 Sync Complete!

🕒 Running Shopify Sync at 2025-03-23T23:35:56.878Z
🛍️ Inserting 1752 products...
✅ Successfully Inserted 1752 products.
🎉 Sync Complete!

🕒 Running Shopify Sync at 2025-03-23T23:42:56.051Z
🛍️ Inserting 1752 products...
✅ Successfully Inserted 1752 products.
🎉 Sync Complete!

🕒 Running Shopify Sync at 2025-03-24T01:03:01.846Z
🛍️ Inserting 1752 products...
✅ Successfully Inserted 1752 products.
🎉 Sync Complete!

🕒 Running Shopify Sync at 2025-03-24T04:49:10.708Z
🛍️ Inserting 1752 products...
✅ Successfully Inserted 1752 products.
🎉 Sync Complete!

🕒 Running Shopify Sync at 2025-03-25T04:49:10.707Z
🛍️ Inserting 1752 products...
✅ Successfully Inserted 1752 products.
🎉 Sync Complete!

🕒 Running Shopify Sync at 2025-03-26T04:49:10.699Z
🛍️ Inserting 1752 products...
✅ Successfully Inserted 1752 products.
🎉 Sync Complete!

🕒 Running Shopify Sync at 2025-03-27T04:49:10.762Z
🛍️ Inserting 1752 products...
✅ Successfully Inserted 1752 products.
🎉 Sync Complete!

🕒 Running Shopify Sync at 2025-03-29T22:43:22.303Z

🕒 Running Shopify Sync at 2025-03-29T22:44:09.600Z
🛍️ Inserting 1752 products...
✅ Successfully Inserted 1752 products.
🎉 Sync Complete!

🕒 Running Shopify Sync at 2025-03-29T23:13:56.439Z
🛍️ Inserting 1752 products...
✅ Successfully Inserted 1752 products.
🎉 Sync Complete!

🕒 Running Shopify Sync at 2025-03-30T01:25:02.836Z
🛍️ Inserting 1752 products...
✅ Successfully Inserted 1752 products.
🎉 Sync Complete!

🕒 Running Shopify Sync at 2025-03-30T01:37:07.615Z
🛍️ Inserting 1752 products...
✅ Successfully Inserted 1752 products.
🎉 Sync Complete!

🕒 Running Shopify Sync at 2025-03-30T01:45:49.550Z
🛍️ Inserting 1752 products...
❌ Supabase Insert Error: {
  "code": "PGRST204",
  "details": null,
  "hint": null,
  "message": "Could not find the 'collectionHandle' column of 'products' in the schema cache"
}
🎉 Sync Complete!

🕒 Running Shopify Sync at 2025-03-30T01:46:44.555Z
🛍️ Inserting 1752 products...
✅ Successfully Inserted 1752 products.
🎉 Sync Complete!

🕒 Running Shopify Sync at 2025-03-30T04:49:10.853Z
🛍️ Inserting 1752 products...
✅ Successfully Inserted 1752 products.
🎉 Sync Complete!

🕒 Running Shopify Sync at 2025-04-05T04:49:11.284Z
🛍️ Inserting 1752 products...
✅ Successfully Inserted 1752 products.
🎉 Sync Complete!

🕒 Running Shopify Sync at 2025-04-08T04:49:11.095Z
🛍️ Inserting 1752 products...
✅ Successfully Inserted 1752 products.
🎉 Sync Complete!

🕒 Running Shopify Sync at 2025-04-09T04:49:11.516Z
🛍️ Inserting 1752 products...
✅ Successfully Inserted 1752 products.
🎉 Sync Complete!

🕒 Running Shopify Sync at 2025-04-10T04:49:10.925Z
🛍️ Inserting 1752 products...
✅ Successfully Inserted 1752 products.
🎉 Sync Complete!

🕒 Running Shopify Sync at 2025-04-14T04:49:10.923Z
🛍️ Inserting 1752 products...
✅ Successfully Inserted 1752 products.
🎉 Sync Complete!

🕒 Running Shopify Sync at 2025-04-17T04:49:11.106Z
🛍️ Inserting 1752 products...
✅ Successfully Inserted 1752 products.
🎉 Sync Complete!

🕒 Running Shopify Sync at 2025-04-18T04:49:10.951Z
🛍️ Inserting 1752 products...
✅ Successfully Inserted 1752 products.
🎉 Sync Complete!

🕒 Running Shopify Sync at 2026-02-16T07:50:02.787Z
🛍️ Inserting 2035 products...
✅ Successfully Inserted 2035 products.
🎉 Sync Complete!

🕒 Running Shopify Sync at 2026-02-17T05:49:10.996Z
🛍️ Inserting 2035 products...
✅ Successfully Inserted 2035 products.
🎉 Sync Complete!

🕒 Running Shopify Sync at 2026-02-18T00:21:29.006Z
🛍️ Inserting 2035 products...
✅ Successfully Inserted 2035 products.
🎉 Sync Complete!

🕒 Running Shopify Sync at 2026-02-18T05:49:11.402Z
🛍️ Inserting 2035 products...
✅ Successfully Inserted 2035 products.
🎉 Sync Complete!

🕒 Running Shopify Sync at 2026-02-19T05:49:11.414Z
🛍️ Inserting 2035 products...
✅ Successfully Inserted 2035 products.
🎉 Sync Complete!
